VirtualBox GUI VM Selector Window 5.2.6 r120293 linux.amd64 (Jan 29 2018 19:54:11) release log
00:00:00.246582 Log opened 2018-02-23T08:43:02.547094000Z
00:00:00.246583 Build Type: release
00:00:00.246584 OS Product: Linux
00:00:00.246585 OS Release: 4.15.3-2-ARCH
00:00:00.246586 OS Version: #1 SMP PREEMPT Thu Feb 15 00:13:49 UTC 2018
00:00:00.246605 DMI Product Name: Latitude E6540
00:00:00.246610 DMI Product Version: 00
00:00:00.246638 Host RAM: 7884MB (7.6GB) total, 4467MB (4.3GB) available
00:00:00.246641 Executable: /usr/lib/virtualbox/VirtualBox
00:00:00.246641 Process ID: 8687
00:00:00.246641 Package type: LINUX_64BITS_GENERIC (OSE)
00:00:00.246657 Qt version: 5.10.1
00:00:00.279127 GUI: UIMediumEnumerator: Medium-enumeration started...
00:00:00.412177 GUI: UIDesktopWidgetWatchdog::sltHandleHostScreenAvailableGeometryCalculated: Screen 0 work area is actually resized to: 28x56 x 921x1114
00:00:00.412606 GUI: UIDesktopWidgetWatchdog::sltHandleHostScreenAvailableGeometryCalculated: Screen 1 work area is actually resized to: 969x56 x 921x1114
00:00:00.427507 Failed to open "/dev/vboxdrv", errno=13, rc=VERR_VM_DRIVER_NOT_ACCESSIBLE
00:00:00.428397 GUI: UIMediumEnumerator: Medium-enumeration finished!
00:00:09.585648 GUI: UIMediumEnumerator: Medium-enumeration started...
00:00:09.678020 2D support test succeeded
00:00:09.734515 GUI: UIMediumEnumerator: Medium-enumeration finished!
00:00:27.496272 GUI: UIMediumEnumerator: Medium-enumeration finished!
00:04:07.026174 GUI: UIMediumEnumerator: Medium-enumeration started...
00:04:07.122003 GUI: UIMediumEnumerator: Medium-enumeration finished!
00:22:43.089865 GUI: UIMediumEnumerator: Medium-enumeration started...
00:22:43.183832 GUI: UIMediumEnumerator: Medium-enumeration finished!
